2017-12-15 11:03:02,599 Orchard.Recipes.Services.RecipeManager - (null) - INFO Executing recipe 'Default'. [ExecutionId=3d71c82146cf4376adce65282114ecfd]
2017-12-15 11:03:02,615 Orchard.Recipes.Services.RecipeStepQueue - (null) - INFO Enqueuing recipe step 'Feature'. [ExecutionId=3d71c82146cf4376adce65282114ecfd]
2017-12-15 11:03:02,646 Orchard.Recipes.Services.RecipeStepQueue - (null) - INFO Enqueuing recipe step 'ContentDefinition'. [ExecutionId=3d71c82146cf4376adce65282114ecfd]
2017-12-15 11:03:02,646 Orchard.Recipes.Services.RecipeStepQueue - (null) - INFO Enqueuing recipe step 'Settings'. [ExecutionId=3d71c82146cf4376adce65282114ecfd]
2017-12-15 11:03:02,646 Orchard.Recipes.Services.RecipeStepQueue - (null) - INFO Enqueuing recipe step 'Migration'. [ExecutionId=3d71c82146cf4376adce65282114ecfd]
2017-12-15 11:03:02,646 Orchard.Recipes.Services.RecipeStepQueue - (null) - INFO Enqueuing recipe step 'Command'. [ExecutionId=3d71c82146cf4376adce65282114ecfd]
2017-12-15 11:03:02,678 Orchard.Recipes.Services.RecipeStepQueue - (null) - INFO Enqueuing recipe step 'ActivateShell'. [ExecutionId=(null)]
2017-12-15 11:03:02,974 Orchard.Recipes.Services.RecipeStepQueue - (null) - INFO Dequeuing recipe steps. [ExecutionId=3d71c82146cf4376adce65282114ecfd]
2017-12-15 11:03:02,990 Orchard.Recipes.Services.RecipeStepQueue - (null) - INFO Dequeuing recipe step 'Feature'. [ExecutionId=3d71c82146cf4376adce65282114ecfd]
2017-12-15 11:03:02,990 Orchard.Recipes.Services.RecipeStepExecutor - (null) - INFO Executing recipe step 'Feature'. [ExecutionId=3d71c82146cf4376adce65282114ecfd]
2017-12-15 11:03:03,006 Orchard.Recipes.Providers.RecipeHandlers.RecipeExecutionStepHandler - (null) - INFO Executing recipe step 'Feature'. [ExecutionId=3d71c82146cf4376adce65282114ecfd]
2017-12-15 11:03:03,021 Orchard.Recipes.Services.RecipeExecutionLogger - (null) - INFO FeatureStep: Enabling features: Orchard.Blogs;Orchard.Comments;Orchard.Tags;Orchard.Alias;Orchard.Autoroute;TinyMce;Orchard.MediaLibrary;Orchard.ContentPicker;Orchard.PublishLater;Orchard.Resources;Orchard.Widgets;Orchard.ContentTypes;Orchard.Scripting;Orchard.Scripting.Lightweight;PackagingServices;Orchard.Packaging;Orchard.Projections;Orchard.Fields;Orchard.OutputCache;Orchard.Taxonomies;Orchard.Workflows;Orchard.Layouts;Orchard.Layouts.Tokens;TheThemeMachine [ExecutionId=3d71c82146cf4376adce65282114ecfd]
2017-12-15 11:03:03,381 Orchard.Recipes.Providers.RecipeHandlers.RecipeExecutionStepHandler - (null) - INFO Finished executing recipe step 'Feature'. [ExecutionId=3d71c82146cf4376adce65282114ecfd]
2017-12-15 11:03:03,506 Orchard.Recipes.Services.RecipeScheduler - (null) - INFO Scheduling next step of recipe. [ExecutionId=3d71c82146cf4376adce65282114ecfd]
2017-12-15 11:03:09,990 Orchard.Recipes.Services.RecipeStepQueue - (null) - INFO Dequeuing recipe steps. [ExecutionId=3d71c82146cf4376adce65282114ecfd]
2017-12-15 11:03:09,990 Orchard.Recipes.Services.RecipeStepQueue - (null) - INFO Dequeuing recipe step 'ContentDefinition'. [ExecutionId=3d71c82146cf4376adce65282114ecfd]
2017-12-15 11:03:09,990 Orchard.Recipes.Services.RecipeStepExecutor - (null) - INFO Executing recipe step 'ContentDefinition'. [ExecutionId=3d71c82146cf4376adce65282114ecfd]
2017-12-15 11:03:09,990 Orchard.Recipes.Providers.RecipeHandlers.RecipeExecutionStepHandler - (null) - INFO Executing recipe step 'ContentDefinition'. [ExecutionId=3d71c82146cf4376adce65282114ecfd]
2017-12-15 11:03:10,006 Orchard.Recipes.Services.RecipeExecutionLogger - (null) - INFO ContentDefinitionStep: Importing content type 'Page'. [ExecutionId=3d71c82146cf4376adce65282114ecfd]
2017-12-15 11:03:10,365 Orchard.Recipes.Services.RecipeExecutionLogger - (null) - INFO ContentDefinitionStep: Importing content type 'BlogPost'. [ExecutionId=3d71c82146cf4376adce65282114ecfd]
2017-12-15 11:03:10,443 Orchard.Recipes.Services.RecipeExecutionLogger - (null) - INFO ContentDefinitionStep: Importing content part 'BodyPart'. [ExecutionId=3d71c82146cf4376adce65282114ecfd]
2017-12-15 11:03:10,474 Orchard.Recipes.Providers.RecipeHandlers.RecipeExecutionStepHandler - (null) - INFO Finished executing recipe step 'ContentDefinition'. [ExecutionId=3d71c82146cf4376adce65282114ecfd]
2017-12-15 11:03:10,506 Orchard.Recipes.Services.RecipeScheduler - (null) - INFO Scheduling next step of recipe. [ExecutionId=3d71c82146cf4376adce65282114ecfd]
2017-12-15 11:03:10,803 Orchard.Recipes.Services.RecipeStepQueue - (null) - INFO Dequeuing recipe steps. [ExecutionId=3d71c82146cf4376adce65282114ecfd]
2017-12-15 11:03:10,803 Orchard.Recipes.Services.RecipeStepQueue - (null) - INFO Dequeuing recipe step 'Settings'. [ExecutionId=3d71c82146cf4376adce65282114ecfd]
2017-12-15 11:03:10,803 Orchard.Recipes.Services.RecipeStepExecutor - (null) - INFO Executing recipe step 'Settings'. [ExecutionId=3d71c82146cf4376adce65282114ecfd]
2017-12-15 11:03:10,803 Orchard.Recipes.Providers.RecipeHandlers.RecipeExecutionStepHandler - (null) - INFO Executing recipe step 'Settings'. [ExecutionId=3d71c82146cf4376adce65282114ecfd]
2017-12-15 11:03:11,162 Orchard.Recipes.Providers.RecipeHandlers.RecipeExecutionStepHandler - (null) - INFO Finished executing recipe step 'Settings'. [ExecutionId=3d71c82146cf4376adce65282114ecfd]
2017-12-15 11:03:11,178 Orchard.Recipes.Services.RecipeScheduler - (null) - INFO Scheduling next step of recipe. [ExecutionId=3d71c82146cf4376adce65282114ecfd]
2017-12-15 11:03:11,553 Orchard.Recipes.Services.RecipeStepQueue - (null) - INFO Dequeuing recipe steps. [ExecutionId=3d71c82146cf4376adce65282114ecfd]
2017-12-15 11:03:11,553 Orchard.Recipes.Services.RecipeStepQueue - (null) - INFO Dequeuing recipe step 'Migration'. [ExecutionId=3d71c82146cf4376adce65282114ecfd]
2017-12-15 11:03:11,553 Orchard.Recipes.Services.RecipeStepExecutor - (null) - INFO Executing recipe step 'Migration'. [ExecutionId=3d71c82146cf4376adce65282114ecfd]
2017-12-15 11:03:11,553 Orchard.Recipes.Providers.RecipeHandlers.RecipeExecutionStepHandler - (null) - INFO Executing recipe step 'Migration'. [ExecutionId=3d71c82146cf4376adce65282114ecfd]
2017-12-15 11:03:11,803 Orchard.Recipes.Providers.RecipeHandlers.RecipeExecutionStepHandler - (null) - INFO Finished executing recipe step 'Migration'. [ExecutionId=3d71c82146cf4376adce65282114ecfd]
2017-12-15 11:03:11,818 Orchard.Recipes.Services.RecipeScheduler - (null) - INFO Scheduling next step of recipe. [ExecutionId=3d71c82146cf4376adce65282114ecfd]
2017-12-15 11:03:12,115 Orchard.Recipes.Services.RecipeStepQueue - (null) - INFO Dequeuing recipe steps. [ExecutionId=3d71c82146cf4376adce65282114ecfd]
2017-12-15 11:03:12,115 Orchard.Recipes.Services.RecipeStepQueue - (null) - INFO Dequeuing recipe step 'Command'. [ExecutionId=3d71c82146cf4376adce65282114ecfd]
2017-12-15 11:03:12,115 Orchard.Recipes.Services.RecipeStepExecutor - (null) - INFO Executing recipe step 'Command'. [ExecutionId=3d71c82146cf4376adce65282114ecfd]
2017-12-15 11:03:12,115 Orchard.Recipes.Providers.RecipeHandlers.RecipeExecutionStepHandler - (null) - INFO Executing recipe step 'Command'. [ExecutionId=3d71c82146cf4376adce65282114ecfd]
2017-12-15 11:03:12,115 Orchard.Recipes.Services.RecipeExecutionLogger - (null) - INFO CommandStep: Executing command: layer create Default /LayerRule:"true" /Description:"The widgets in this layer are displayed on all pages" [ExecutionId=3d71c82146cf4376adce65282114ecfd]
2017-12-15 11:03:12,803 Orchard.Recipes.Services.RecipeExecutionLogger - (null) - INFO CommandStep: Executing command: layer create Authenticated /LayerRule:"authenticated" /Description:"The widgets in this layer are displayed when the user is authenticated" [ExecutionId=3d71c82146cf4376adce65282114ecfd]
2017-12-15 11:03:12,881 Orchard.Recipes.Services.RecipeExecutionLogger - (null) - INFO CommandStep: Executing command: layer create Anonymous /LayerRule:"not authenticated" /Description:"The widgets in this layer are displayed when the user is anonymous" [ExecutionId=3d71c82146cf4376adce65282114ecfd]
2017-12-15 11:03:12,943 Orchard.Recipes.Services.RecipeExecutionLogger - (null) - INFO CommandStep: Executing command: layer create Disabled /LayerRule:"false" /Description:"The widgets in this layer are never displayed" [ExecutionId=3d71c82146cf4376adce65282114ecfd]
2017-12-15 11:03:13,006 Orchard.Recipes.Services.RecipeExecutionLogger - (null) - INFO CommandStep: Executing command: layer create TheHomepage /LayerRule:"url '~/'" /Description:"The widgets in this layer are displayed on the home page" [ExecutionId=3d71c82146cf4376adce65282114ecfd]
2017-12-15 11:03:13,053 Orchard.Recipes.Services.RecipeExecutionLogger - (null) - INFO CommandStep: Executing command: site setting set baseurl [ExecutionId=3d71c82146cf4376adce65282114ecfd]
2017-12-15 11:03:13,068 Orchard.Recipes.Services.RecipeExecutionLogger - (null) - INFO CommandStep: Executing command: menu create /MenuName:"Main Menu" [ExecutionId=3d71c82146cf4376adce65282114ecfd]
2017-12-15 11:03:13,115 Orchard.Recipes.Services.RecipeExecutionLogger - (null) - INFO CommandStep: Executing command: page create /Slug:"welcome-to-orchard" /Title:"Welcome to Orchard!" /Path:"welcome-to-orchard" /Homepage:true /Publish:true /UseWelcomeText:true [ExecutionId=3d71c82146cf4376adce65282114ecfd]
2017-12-15 11:03:16,599 Orchard.Recipes.Services.RecipeExecutionLogger - (null) - INFO CommandStep: Executing command: menuitem create /MenuPosition:"0" /MenuText:"Home" /Url:"~/" /MenuName:"Main Menu" [ExecutionId=3d71c82146cf4376adce65282114ecfd]
2017-12-15 11:03:16,740 Orchard.Recipes.Services.RecipeExecutionLogger - (null) - INFO CommandStep: Executing command: widget create MenuWidget /Title:"Main Menu" /RenderTitle:false /Zone:"Navigation" /Position:"1" /Layer:"Default" /Identity:"MenuWidget1" /MenuName:"Main Menu" [ExecutionId=3d71c82146cf4376adce65282114ecfd]
2017-12-15 11:03:16,928 Orchard.Recipes.Services.RecipeExecutionLogger - (null) - INFO CommandStep: Executing command: theme activate "The Theme Machine" [ExecutionId=3d71c82146cf4376adce65282114ecfd]
2017-12-15 11:03:16,959 Orchard.Recipes.Providers.RecipeHandlers.RecipeExecutionStepHandler - (null) - INFO Finished executing recipe step 'Command'. [ExecutionId=3d71c82146cf4376adce65282114ecfd]
2017-12-15 11:03:16,990 Orchard.Recipes.Services.RecipeScheduler - Default - INFO Scheduling next step of recipe. [ExecutionId=3d71c82146cf4376adce65282114ecfd]
2017-12-15 11:03:17,271 Orchard.Recipes.Services.RecipeStepQueue - (null) - INFO Dequeuing recipe steps. [ExecutionId=3d71c82146cf4376adce65282114ecfd]
2017-12-15 11:03:17,287 Orchard.Recipes.Services.RecipeStepQueue - (null) - INFO Dequeuing recipe step 'ActivateShell'. [ExecutionId=3d71c82146cf4376adce65282114ecfd]
2017-12-15 11:03:17,287 Orchard.Recipes.Services.RecipeStepExecutor - (null) - INFO Executing recipe step 'ActivateShell'. [ExecutionId=3d71c82146cf4376adce65282114ecfd]
2017-12-15 11:03:17,287 Orchard.Recipes.Providers.RecipeHandlers.RecipeExecutionStepHandler - (null) - INFO Executing recipe step 'ActivateShell'. [ExecutionId=3d71c82146cf4376adce65282114ecfd]
2017-12-15 11:03:17,287 Orchard.Recipes.Providers.RecipeHandlers.RecipeExecutionStepHandler - (null) - INFO Finished executing recipe step 'ActivateShell'. [ExecutionId=3d71c82146cf4376adce65282114ecfd]
2017-12-15 11:03:17,568 Orchard.Recipes.Services.RecipeScheduler - (null) - INFO Scheduling next step of recipe. [ExecutionId=3d71c82146cf4376adce65282114ecfd]
2017-12-15 11:03:17,896 Orchard.Recipes.Services.RecipeStepQueue - (null) - INFO Dequeuing recipe steps. [ExecutionId=3d71c82146cf4376adce65282114ecfd]
2017-12-15 11:03:17,896 Orchard.Recipes.Services.RecipeStepExecutor - (null) - INFO No more recipe steps left to execute. [ExecutionId=3d71c82146cf4376adce65282114ecfd]
2017-12-15 11:03:17,912 Orchard.Recipes.Services.RecipeScheduler - (null) - INFO All recipe steps executed; restarting shell. [ExecutionId=3d71c82146cf4376adce65282114ecfd]
